{"C:\\Users\\sk8_c\\Documents\\React\\my-movie-app\\src\\App.tsx": {"path":"C:\\Users\\sk8_c\\Documents\\React\\my-movie-app\\src\\App.tsx","statementMap":{"0":{"start":{"line":1,"column":0},"end":{"line":1,"column":32}},"1":{"start":{"line":2,"column":0},"end":{"line":2,"column":59}},"2":{"start":{"line":3,"column":0},"end":{"line":3,"column":52}},"3":{"start":{"line":4,"column":0},"end":{"line":4,"column":53}},"4":{"start":{"line":5,"column":0},"end":{"line":5,"column":41}},"5":{"start":{"line":6,"column":0},"end":{"line":6,"column":51}},"6":{"start":{"line":7,"column":0},"end":{"line":7,"column":47}},"7":{"start":{"line":8,"column":0},"end":{"line":8,"column":41}},"8":{"start":{"line":10,"column":12},"end":{"line":24,"column":1}},"9":{"start":{"line":11,"column":30},"end":{"line":11,"column":45}},"10":{"start":{"line":12,"column":16},"end":{"line":12,"column":75}},"11":{"start":{"line":12,"column":30},"end":{"line":12,"column":55}},"12":{"start":{"line":14,"column":2},"end":{"line":23,"column":4}},"13":{"start":{"line":26,"column":0},"end":{"line":26,"column":19}}},"fnMap":{"0":{"name":"(anonymous_1)","decl":{"start":{"line":10,"column":12},"end":{"line":10,"column":15}},"loc":{"start":{"line":10,"column":17},"end":{"line":24,"column":1}}},"1":{"name":"(anonymous_2)","decl":{"start":{"line":12,"column":24},"end":{"line":12,"column":27}},"loc":{"start":{"line":12,"column":30},"end":{"line":12,"column":55}}}},"branchMap":{},"s":{"0":0,"1":0,"2":0,"3":0,"4":0,"5":0,"6":0,"7":0,"8":0,"9":0,"10":0,"11":0,"12":0,"13":0},"f":{"0":0,"1":0},"b":{}}
,"C:\\Users\\sk8_c\\Documents\\React\\my-movie-app\\src\\main.tsx": {"path":"C:\\Users\\sk8_c\\Documents\\React\\my-movie-app\\src\\main.tsx","statementMap":{"0":{"start":{"line":1,"column":0},"end":{"line":1,"column":35}},"1":{"start":{"line":2,"column":0},"end":{"line":2,"column":46}},"2":{"start":{"line":3,"column":0},"end":{"line":3,"column":24}},"3":{"start":{"line":5,"column":0},"end":{"line":9,"column":2}}},"fnMap":{},"branchMap":{},"s":{"0":0,"1":0,"2":0,"3":0},"f":{},"b":{}}
,"C:\\Users\\sk8_c\\Documents\\React\\my-movie-app\\src\\setupTests.ts": {"path":"C:\\Users\\sk8_c\\Documents\\React\\my-movie-app\\src\\setupTests.ts","statementMap":{"0":{"start":{"line":1,"column":0},"end":{"line":1,"column":35}}},"fnMap":{},"branchMap":{},"s":{"0":0},"f":{},"b":{}}
,"C:\\Users\\sk8_c\\Documents\\React\\my-movie-app\\src\\vite-env.d.ts": {"path":"C:\\Users\\sk8_c\\Documents\\React\\my-movie-app\\src\\vite-env.d.ts","statementMap":{},"fnMap":{},"branchMap":{},"s":{},"f":{},"b":{}}
,"C:\\Users\\sk8_c\\Documents\\React\\my-movie-app\\src\\api\\tmdb.ts": {"path":"C:\\Users\\sk8_c\\Documents\\React\\my-movie-app\\src\\api\\tmdb.ts","statementMap":{"0":{"start":{"line":1,"column":0},"end":{"line":1,"column":26}},"1":{"start":{"line":4,"column":21},"end":{"line":4,"column":54}},"2":{"start":{"line":5,"column":22},"end":{"line":5,"column":56}},"3":{"start":{"line":6,"column":23},"end":{"line":6,"column":58}},"4":{"start":{"line":8,"column":12},"end":{"line":14,"column":2}},"5":{"start":{"line":16,"column":28},"end":{"line":39,"column":1}},"6":{"start":{"line":20,"column":2},"end":{"line":38,"column":3}},"7":{"start":{"line":21,"column":21},"end":{"line":23,"column":6}},"8":{"start":{"line":25,"column":35},"end":{"line":28,"column":null}},"9":{"start":{"line":27,"column":8},"end":{"line":27,"column":28}},"10":{"start":{"line":31,"column":4},"end":{"line":35,"column":6}},"11":{"start":{"line":37,"column":4},"end":{"line":37,"column":74}},"12":{"start":{"line":16,"column":13},"end":{"line":16,"column":28}},"13":{"start":{"line":41,"column":28},"end":{"line":55,"column":1}},"14":{"start":{"line":42,"column":2},"end":{"line":54,"column":3}},"15":{"start":{"line":43,"column":35},"end":{"line":46,"column":6}},"16":{"start":{"line":48,"column":4},"end":{"line":51,"column":6}},"17":{"start":{"line":53,"column":4},"end":{"line":53,"column":76}},"18":{"start":{"line":41,"column":13},"end":{"line":41,"column":28}},"19":{"start":{"line":57,"column":32},"end":{"line":60,"column":1}},"20":{"start":{"line":58,"column":19},"end":{"line":58,"column":72}},"21":{"start":{"line":59,"column":2},"end":{"line":59,"column":22}},"22":{"start":{"line":57,"column":13},"end":{"line":57,"column":32}},"23":{"start":{"line":62,"column":28},"end":{"line":63,"column":49}},"24":{"start":{"line":63,"column":2},"end":{"line":63,"column":49}},"25":{"start":{"line":62,"column":13},"end":{"line":62,"column":28}},"26":{"start":{"line":65,"column":29},"end":{"line":66,"column":49}},"27":{"start":{"line":66,"column":2},"end":{"line":66,"column":49}},"28":{"start":{"line":65,"column":13},"end":{"line":65,"column":29}}},"fnMap":{"0":{"name":"(anonymous_1)","decl":{"start":{"line":16,"column":28},"end":{"line":16,"column":33}},"loc":{"start":{"line":19,"column":76},"end":{"line":39,"column":1}}},"1":{"name":"(anonymous_2)","decl":{"start":{"line":26,"column":6},"end":{"line":26,"column":7}},"loc":{"start":{"line":26,"column":16},"end":{"line":28,"column":7}}},"2":{"name":"(anonymous_3)","decl":{"start":{"line":41,"column":28},"end":{"line":41,"column":33}},"loc":{"start":{"line":41,"column":71},"end":{"line":55,"column":1}}},"3":{"name":"(anonymous_4)","decl":{"start":{"line":57,"column":32},"end":{"line":57,"column":37}},"loc":{"start":{"line":57,"column":59},"end":{"line":60,"column":1}}},"4":{"name":"(anonymous_5)","decl":{"start":{"line":62,"column":28},"end":{"line":62,"column":29}},"loc":{"start":{"line":63,"column":2},"end":{"line":63,"column":49}}},"5":{"name":"(anonymous_6)","decl":{"start":{"line":65,"column":29},"end":{"line":65,"column":30}},"loc":{"start":{"line":66,"column":2},"end":{"line":66,"column":49}}}},"branchMap":{"0":{"loc":{"start":{"line":18,"column":2},"end":{"line":18,"column":18}},"type":"default-arg","locations":[{"start":{"line":18,"column":17},"end":{"line":18,"column":18}}]},"1":{"loc":{"start":{"line":57,"column":39},"end":{"line":57,"column":55}},"type":"default-arg","locations":[{"start":{"line":57,"column":54},"end":{"line":57,"column":55}}]},"2":{"loc":{"start":{"line":62,"column":50},"end":{"line":62,"column":71}},"type":"default-arg","locations":[{"start":{"line":62,"column":65},"end":{"line":62,"column":71}}]},"3":{"loc":{"start":{"line":63,"column":2},"end":{"line":63,"column":49}},"type":"cond-expr","locations":[{"start":{"line":63,"column":9},"end":{"line":63,"column":42}},{"start":{"line":63,"column":45},"end":{"line":63,"column":49}}]},"4":{"loc":{"start":{"line":65,"column":51},"end":{"line":65,"column":72}},"type":"default-arg","locations":[{"start":{"line":65,"column":66},"end":{"line":65,"column":72}}]},"5":{"loc":{"start":{"line":66,"column":2},"end":{"line":66,"column":49}},"type":"cond-expr","locations":[{"start":{"line":66,"column":9},"end":{"line":66,"column":42}},{"start":{"line":66,"column":45},"end":{"line":66,"column":49}}]}},"s":{"0":0,"1":0,"2":0,"3":0,"4":0,"5":0,"6":0,"7":0,"8":0,"9":0,"10":0,"11":0,"12":0,"13":0,"14":0,"15":0,"16":0,"17":0,"18":0,"19":0,"20":0,"21":0,"22":0,"23":0,"24":0,"25":0,"26":0,"27":0,"28":0},"f":{"0":0,"1":0,"2":0,"3":0,"4":0,"5":0},"b":{"0":[0],"1":[0],"2":[0],"3":[0,0],"4":[0],"5":[0,0]}}
,"C:\\Users\\sk8_c\\Documents\\React\\my-movie-app\\src\\components\\Header\\index.tsx": {"path":"C:\\Users\\sk8_c\\Documents\\React\\my-movie-app\\src\\components\\Header\\index.tsx","statementMap":{"0":{"start":{"line":1,"column":0},"end":{"line":1,"column":43}},"1":{"start":{"line":2,"column":0},"end":{"line":2,"column":null}},"2":{"start":{"line":11,"column":0},"end":{"line":11,"column":60}},"3":{"start":{"line":12,"column":0},"end":{"line":12,"column":65}},"4":{"start":{"line":13,"column":0},"end":{"line":13,"column":74}},"5":{"start":{"line":14,"column":0},"end":{"line":14,"column":37}},"6":{"start":{"line":15,"column":0},"end":{"line":15,"column":55}},"7":{"start":{"line":16,"column":0},"end":{"line":16,"column":55}},"8":{"start":{"line":17,"column":0},"end":{"line":17,"column":null}},"9":{"start":{"line":26,"column":25},"end":{"line":106,"column":2}},"10":{"start":{"line":27,"column":19},"end":{"line":27,"column":32}},"11":{"start":{"line":28,"column":19},"end":{"line":28,"column":32}},"12":{"start":{"line":29,"column":16},"end":{"line":29,"column":26}},"13":{"start":{"line":30,"column":20},"end":{"line":30,"column":61}},"14":{"start":{"line":32,"column":15},"end":{"line":32,"column":43}},"15":{"start":{"line":32,"column":36},"end":{"line":32,"column":42}},"16":{"start":{"line":33,"column":22},"end":{"line":33,"column":57}},"17":{"start":{"line":33,"column":43},"end":{"line":33,"column":56}},"18":{"start":{"line":34,"column":23},"end":{"line":34,"column":59}},"19":{"start":{"line":34,"column":44},"end":{"line":34,"column":58}},"20":{"start":{"line":35,"column":23},"end":{"line":35,"column":59}},"21":{"start":{"line":35,"column":44},"end":{"line":35,"column":58}},"22":{"start":{"line":36,"column":20},"end":{"line":36,"column":53}},"23":{"start":{"line":36,"column":41},"end":{"line":36,"column":52}},"24":{"start":{"line":38,"column":26},"end":{"line":38,"column":65}},"25":{"start":{"line":38,"column":47},"end":{"line":38,"column":64}},"26":{"start":{"line":39,"column":22},"end":{"line":39,"column":57}},"27":{"start":{"line":39,"column":43},"end":{"line":39,"column":56}},"28":{"start":{"line":41,"column":23},"end":{"line":53,"column":null}},"29":{"start":{"line":43,"column":6},"end":{"line":43,"column":20}},"30":{"start":{"line":44,"column":6},"end":{"line":48,"column":7}},"31":{"start":{"line":45,"column":8},"end":{"line":45,"column":47}},"32":{"start":{"line":47,"column":8},"end":{"line":47,"column":54}},"33":{"start":{"line":49,"column":6},"end":{"line":51,"column":7}},"34":{"start":{"line":50,"column":8},"end":{"line":50,"column":22}},"35":{"start":{"line":56,"column":2},"end":{"line":105,"column":4}},"36":{"start":{"line":108,"column":0},"end":{"line":108,"column":22}}},"fnMap":{"0":{"name":"(anonymous_10)","decl":{"start":{"line":26,"column":36},"end":{"line":26,"column":39}},"loc":{"start":{"line":26,"column":41},"end":{"line":106,"column":1}}},"1":{"name":"(anonymous_11)","decl":{"start":{"line":32,"column":29},"end":{"line":32,"column":30}},"loc":{"start":{"line":32,"column":36},"end":{"line":32,"column":42}}},"2":{"name":"(anonymous_12)","decl":{"start":{"line":33,"column":36},"end":{"line":33,"column":37}},"loc":{"start":{"line":33,"column":43},"end":{"line":33,"column":56}}},"3":{"name":"(anonymous_13)","decl":{"start":{"line":34,"column":37},"end":{"line":34,"column":38}},"loc":{"start":{"line":34,"column":44},"end":{"line":34,"column":58}}},"4":{"name":"(anonymous_14)","decl":{"start":{"line":35,"column":37},"end":{"line":35,"column":38}},"loc":{"start":{"line":35,"column":44},"end":{"line":35,"column":58}}},"5":{"name":"(anonymous_15)","decl":{"start":{"line":36,"column":34},"end":{"line":36,"column":35}},"loc":{"start":{"line":36,"column":41},"end":{"line":36,"column":52}}},"6":{"name":"(anonymous_16)","decl":{"start":{"line":38,"column":40},"end":{"line":38,"column":41}},"loc":{"start":{"line":38,"column":47},"end":{"line":38,"column":64}}},"7":{"name":"(anonymous_17)","decl":{"start":{"line":39,"column":36},"end":{"line":39,"column":37}},"loc":{"start":{"line":39,"column":43},"end":{"line":39,"column":56}}},"8":{"name":"(anonymous_18)","decl":{"start":{"line":42,"column":4},"end":{"line":42,"column":5}},"loc":{"start":{"line":42,"column":21},"end":{"line":52,"column":5}}}},"branchMap":{"0":{"loc":{"start":{"line":44,"column":6},"end":{"line":48,"column":7}},"type":"if","locations":[{"start":{"line":44,"column":6},"end":{"line":48,"column":7}},{"start":{"line":46,"column":13},"end":{"line":48,"column":7}}]},"1":{"loc":{"start":{"line":49,"column":6},"end":{"line":51,"column":7}},"type":"if","locations":[{"start":{"line":49,"column":6},"end":{"line":51,"column":7}},{"start":{},"end":{}}]},"2":{"loc":{"start":{"line":67,"column":11},"end":{"line":83,"column":null}},"type":"binary-expr","locations":[{"start":{"line":67,"column":11},"end":{"line":67,"column":20}},{"start":{"line":68,"column":12},"end":{"line":82,"column":null}}]},"3":{"loc":{"start":{"line":75,"column":18},"end":{"line":77,"column":31}},"type":"cond-expr","locations":[{"start":{"line":76,"column":22},"end":{"line":76,"column":58}},{"start":{"line":77,"column":22},"end":{"line":77,"column":31}}]},"4":{"loc":{"start":{"line":96,"column":13},"end":{"line":99,"column":null}},"type":"cond-expr","locations":[{"start":{"line":97,"column":14},"end":{"line":97,"column":47}},{"start":{"line":99,"column":14},"end":{"line":99,"column":46}}]}},"s":{"0":0,"1":0,"2":0,"3":0,"4":0,"5":0,"6":0,"7":0,"8":0,"9":0,"10":0,"11":0,"12":0,"13":0,"14":0,"15":0,"16":0,"17":0,"18":0,"19":0,"20":0,"21":0,"22":0,"23":0,"24":0,"25":0,"26":0,"27":0,"28":0,"29":0,"30":0,"31":0,"32":0,"33":0,"34":0,"35":0,"36":0},"f":{"0":0,"1":0,"2":0,"3":0,"4":0,"5":0,"6":0,"7":0,"8":0},"b":{"0":[0,0],"1":[0,0],"2":[0,0],"3":[0,0],"4":[0,0]}}
,"C:\\Users\\sk8_c\\Documents\\React\\my-movie-app\\src\\components\\Header\\styles.ts": {"path":"C:\\Users\\sk8_c\\Documents\\React\\my-movie-app\\src\\components\\Header\\styles.ts","statementMap":{"0":{"start":{"line":3,"column":13},"end":{"line":9,"column":2}},"1":{"start":{"line":11,"column":13},"end":{"line":17,"column":2}},"2":{"start":{"line":19,"column":13},"end":{"line":23,"column":2}},"3":{"start":{"line":25,"column":39},"end":{"line":28,"column":2}},"4":{"start":{"line":25,"column":51},"end":{"line":28,"column":2}},"5":{"start":{"line":25,"column":13},"end":{"line":25,"column":39}},"6":{"start":{"line":30,"column":46},"end":{"line":34,"column":2}},"7":{"start":{"line":30,"column":58},"end":{"line":34,"column":2}},"8":{"start":{"line":30,"column":13},"end":{"line":30,"column":46}},"9":{"start":{"line":36,"column":13},"end":{"line":38,"column":2}}},"fnMap":{"0":{"name":"(anonymous_0)","decl":{"start":{"line":25,"column":39},"end":{"line":25,"column":40}},"loc":{"start":{"line":25,"column":51},"end":{"line":28,"column":2}}},"1":{"name":"(anonymous_1)","decl":{"start":{"line":30,"column":46},"end":{"line":30,"column":47}},"loc":{"start":{"line":30,"column":58},"end":{"line":34,"column":2}}}},"branchMap":{},"s":{"0":0,"1":0,"2":0,"3":0,"4":0,"5":0,"6":0,"7":0,"8":0,"9":0},"f":{"0":0,"1":0},"b":{}}
,"C:\\Users\\sk8_c\\Documents\\React\\my-movie-app\\src\\components\\Layout\\index.tsx": {"path":"C:\\Users\\sk8_c\\Documents\\React\\my-movie-app\\src\\components\\Layout\\index.tsx","statementMap":{"0":{"start":{"line":1,"column":0},"end":{"line":1,"column":46}},"1":{"start":{"line":2,"column":0},"end":{"line":2,"column":36}},"2":{"start":{"line":3,"column":0},"end":{"line":3,"column":31}},"3":{"start":{"line":9,"column":15},"end":{"line":16,"column":1}},"4":{"start":{"line":10,"column":2},"end":{"line":15,"column":4}},"5":{"start":{"line":18,"column":0},"end":{"line":18,"column":34}}},"fnMap":{"0":{"name":"(anonymous_1)","decl":{"start":{"line":9,"column":15},"end":{"line":9,"column":16}},"loc":{"start":{"line":9,"column":45},"end":{"line":16,"column":1}}}},"branchMap":{},"s":{"0":0,"1":0,"2":0,"3":0,"4":0,"5":0},"f":{"0":0},"b":{}}
,"C:\\Users\\sk8_c\\Documents\\React\\my-movie-app\\src\\components\\LoadingSpinner\\index.tsx": {"path":"C:\\Users\\sk8_c\\Documents\\React\\my-movie-app\\src\\components\\LoadingSpinner\\index.tsx","statementMap":{"0":{"start":{"line":1,"column":0},"end":{"line":1,"column":59}},"1":{"start":{"line":2,"column":0},"end":{"line":2,"column":65}},"2":{"start":{"line":4,"column":30},"end":{"line":13,"column":1}},"3":{"start":{"line":5,"column":2},"end":{"line":12,"column":4}},"4":{"start":{"line":4,"column":13},"end":{"line":4,"column":30}}},"fnMap":{"0":{"name":"(anonymous_0)","decl":{"start":{"line":4,"column":30},"end":{"line":4,"column":33}},"loc":{"start":{"line":4,"column":35},"end":{"line":13,"column":1}}}},"branchMap":{},"s":{"0":2,"1":2,"2":2,"3":2,"4":2},"f":{"0":2},"b":{}}
,"C:\\Users\\sk8_c\\Documents\\React\\my-movie-app\\src\\components\\LoadingSpinner\\styles.ts": {"path":"C:\\Users\\sk8_c\\Documents\\React\\my-movie-app\\src\\components\\LoadingSpinner\\styles.ts","statementMap":{"0":{"start":{"line":1,"column":0},"end":{"line":1,"column":48}},"1":{"start":{"line":2,"column":0},"end":{"line":2,"column":48}},"2":{"start":{"line":3,"column":0},"end":{"line":3,"column":65}},"3":{"start":{"line":5,"column":14},"end":{"line":9,"column":2}},"4":{"start":{"line":11,"column":13},"end":{"line":15,"column":2}},"5":{"start":{"line":17,"column":13},"end":{"line":25,"column":4}},"6":{"start":{"line":17,"column":53},"end":{"line":25,"column":2}},"7":{"start":{"line":27,"column":13},"end":{"line":31,"column":4}},"8":{"start":{"line":27,"column":72},"end":{"line":31,"column":2}},"9":{"start":{"line":33,"column":13},"end":{"line":35,"column":3}}},"fnMap":{"0":{"name":"(anonymous_0)","decl":{"start":{"line":17,"column":37},"end":{"line":17,"column":38}},"loc":{"start":{"line":17,"column":53},"end":{"line":25,"column":2}}},"1":{"name":"(anonymous_1)","decl":{"start":{"line":27,"column":56},"end":{"line":27,"column":57}},"loc":{"start":{"line":27,"column":72},"end":{"line":31,"column":2}}}},"branchMap":{},"s":{"0":2,"1":2,"2":2,"3":2,"4":2,"5":2,"6":2,"7":2,"8":2,"9":2},"f":{"0":2,"1":2},"b":{}}
,"C:\\Users\\sk8_c\\Documents\\React\\my-movie-app\\src\\components\\MovieCard\\index.tsx": {"path":"C:\\Users\\sk8_c\\Documents\\React\\my-movie-app\\src\\components\\MovieCard\\index.tsx","statementMap":{"0":{"start":{"line":1,"column":0},"end":{"line":1,"column":29}},"1":{"start":{"line":2,"column":0},"end":{"line":2,"column":60}},"2":{"start":{"line":3,"column":0},"end":{"line":3,"column":null}},"3":{"start":{"line":11,"column":0},"end":{"line":11,"column":65}},"4":{"start":{"line":12,"column":0},"end":{"line":12,"column":59}},"5":{"start":{"line":14,"column":0},"end":{"line":14,"column":50}},"6":{"start":{"line":16,"column":0},"end":{"line":16,"column":null}},"7":{"start":{"line":26,"column":0},"end":{"line":26,"column":52}},"8":{"start":{"line":32,"column":18},"end":{"line":76,"column":2}},"9":{"start":{"line":33,"column":19},"end":{"line":33,"column":32}},"10":{"start":{"line":34,"column":33},"end":{"line":34,"column":46}},"11":{"start":{"line":36,"column":20},"end":{"line":38,"column":14}},"12":{"start":{"line":40,"column":22},"end":{"line":42,"column":3}},"13":{"start":{"line":41,"column":4},"end":{"line":41,"column":68}},"14":{"start":{"line":44,"column":2},"end":{"line":75,"column":4}},"15":{"start":{"line":78,"column":0},"end":{"line":78,"column":25}}},"fnMap":{"0":{"name":"(anonymous_1)","decl":{"start":{"line":32,"column":23},"end":{"line":32,"column":24}},"loc":{"start":{"line":32,"column":45},"end":{"line":76,"column":1}}},"1":{"name":"(anonymous_2)","decl":{"start":{"line":40,"column":22},"end":{"line":40,"column":25}},"loc":{"start":{"line":40,"column":27},"end":{"line":42,"column":3}}}},"branchMap":{"0":{"loc":{"start":{"line":36,"column":20},"end":{"line":38,"column":14}},"type":"cond-expr","locations":[{"start":{"line":37,"column":6},"end":{"line":37,"column":59}},{"start":{"line":38,"column":6},"end":{"line":38,"column":14}}]}},"s":{"0":1,"1":1,"2":1,"3":1,"4":1,"5":1,"6":1,"7":1,"8":1,"9":11,"10":11,"11":11,"12":11,"13":0,"14":11,"15":1},"f":{"0":11,"1":0},"b":{"0":[11,0]}}
,"C:\\Users\\sk8_c\\Documents\\React\\my-movie-app\\src\\components\\MovieCard\\styles.ts": {"path":"C:\\Users\\sk8_c\\Documents\\React\\my-movie-app\\src\\components\\MovieCard\\styles.ts","statementMap":{"0":{"start":{"line":3,"column":13},"end":{"line":14,"column":2}},"1":{"start":{"line":16,"column":13},"end":{"line":20,"column":2}},"2":{"start":{"line":22,"column":13},"end":{"line":27,"column":2}},"3":{"start":{"line":29,"column":13},"end":{"line":35,"column":2}},"4":{"start":{"line":37,"column":39},"end":{"line":44,"column":2}},"5":{"start":{"line":37,"column":51},"end":{"line":44,"column":2}},"6":{"start":{"line":37,"column":13},"end":{"line":37,"column":39}},"7":{"start":{"line":46,"column":45},"end":{"line":53,"column":2}},"8":{"start":{"line":46,"column":57},"end":{"line":53,"column":2}},"9":{"start":{"line":46,"column":13},"end":{"line":46,"column":45}},"10":{"start":{"line":55,"column":41},"end":{"line":60,"column":2}},"11":{"start":{"line":55,"column":53},"end":{"line":60,"column":2}},"12":{"start":{"line":55,"column":13},"end":{"line":55,"column":41}},"13":{"start":{"line":62,"column":42},"end":{"line":69,"column":2}},"14":{"start":{"line":62,"column":54},"end":{"line":69,"column":2}},"15":{"start":{"line":62,"column":13},"end":{"line":62,"column":42}}},"fnMap":{"0":{"name":"(anonymous_0)","decl":{"start":{"line":37,"column":39},"end":{"line":37,"column":40}},"loc":{"start":{"line":37,"column":51},"end":{"line":44,"column":2}}},"1":{"name":"(anonymous_1)","decl":{"start":{"line":46,"column":45},"end":{"line":46,"column":46}},"loc":{"start":{"line":46,"column":57},"end":{"line":53,"column":2}}},"2":{"name":"(anonymous_2)","decl":{"start":{"line":55,"column":41},"end":{"line":55,"column":42}},"loc":{"start":{"line":55,"column":53},"end":{"line":60,"column":2}}},"3":{"name":"(anonymous_3)","decl":{"start":{"line":62,"column":42},"end":{"line":62,"column":43}},"loc":{"start":{"line":62,"column":54},"end":{"line":69,"column":2}}}},"branchMap":{},"s":{"0":1,"1":1,"2":1,"3":1,"4":1,"5":11,"6":1,"7":1,"8":11,"9":1,"10":1,"11":11,"12":1,"13":1,"14":11,"15":1},"f":{"0":11,"1":11,"2":11,"3":11},"b":{}}
,"C:\\Users\\sk8_c\\Documents\\React\\my-movie-app\\src\\components\\SearchBar\\index.tsx": {"path":"C:\\Users\\sk8_c\\Documents\\React\\my-movie-app\\src\\components\\SearchBar\\index.tsx","statementMap":{"0":{"start":{"line":1,"column":0},"end":{"line":1,"column":69}},"1":{"start":{"line":2,"column":0},"end":{"line":2,"column":null}},"2":{"start":{"line":9,"column":0},"end":{"line":9,"column":65}},"3":{"start":{"line":10,"column":0},"end":{"line":10,"column":61}},"4":{"start":{"line":18,"column":44},"end":{"line":100,"column":null}},"5":{"start":{"line":20,"column":28},"end":{"line":20,"column":50}},"6":{"start":{"line":21,"column":18},"end":{"line":21,"column":28}},"7":{"start":{"line":22,"column":22},"end":{"line":22,"column":63}},"8":{"start":{"line":24,"column":25},"end":{"line":29,"column":null}},"9":{"start":{"line":26,"column":8},"end":{"line":26,"column":27}},"10":{"start":{"line":27,"column":8},"end":{"line":27,"column":30}},"11":{"start":{"line":32,"column":26},"end":{"line":39,"column":null}},"12":{"start":{"line":34,"column":8},"end":{"line":37,"column":9}},"13":{"start":{"line":35,"column":10},"end":{"line":35,"column":29}},"14":{"start":{"line":36,"column":10},"end":{"line":36,"column":32}},"15":{"start":{"line":42,"column":4},"end":{"line":99,"column":6}},"16":{"start":{"line":58,"column":27},"end":{"line":58,"column":50}},"17":{"start":{"line":103,"column":0},"end":{"line":103,"column":25}}},"fnMap":{"0":{"name":"(anonymous_9)","decl":{"start":{"line":19,"column":2},"end":{"line":19,"column":3}},"loc":{"start":{"line":19,"column":58},"end":{"line":100,"column":3}}},"1":{"name":"(anonymous_10)","decl":{"start":{"line":25,"column":6},"end":{"line":25,"column":7}},"loc":{"start":{"line":25,"column":23},"end":{"line":28,"column":7}}},"2":{"name":"(anonymous_11)","decl":{"start":{"line":33,"column":6},"end":{"line":33,"column":7}},"loc":{"start":{"line":33,"column":33},"end":{"line":38,"column":7}}},"3":{"name":"(anonymous_12)","decl":{"start":{"line":58,"column":20},"end":{"line":58,"column":21}},"loc":{"start":{"line":58,"column":27},"end":{"line":58,"column":50}}}},"branchMap":{"0":{"loc":{"start":{"line":19,"column":5},"end":{"line":19,"column":22}},"type":"default-arg","locations":[{"start":{"line":19,"column":20},"end":{"line":19,"column":22}}]},"1":{"loc":{"start":{"line":19,"column":34},"end":{"line":19,"column":52}},"type":"default-arg","locations":[{"start":{"line":19,"column":47},"end":{"line":19,"column":52}}]},"2":{"loc":{"start":{"line":34,"column":8},"end":{"line":37,"column":9}},"type":"if","locations":[{"start":{"line":34,"column":8},"end":{"line":37,"column":9}},{"start":{},"end":{}}]},"3":{"loc":{"start":{"line":50,"column":18},"end":{"line":50,"column":46}},"type":"cond-expr","locations":[{"start":{"line":50,"column":31},"end":{"line":50,"column":37}},{"start":{"line":50,"column":40},"end":{"line":50,"column":46}}]},"4":{"loc":{"start":{"line":61,"column":16},"end":{"line":64,"column":14}},"type":"binary-expr","locations":[{"start":{"line":61,"column":16},"end":{"line":61,"column":25}},{"start":{"line":61,"column":29},"end":{"line":64,"column":14}}]}},"s":{"0":1,"1":1,"2":1,"3":1,"4":1,"5":8,"6":8,"7":8,"8":8,"9":1,"10":1,"11":8,"12":0,"13":0,"14":0,"15":8,"16":1,"17":1},"f":{"0":8,"1":1,"2":0,"3":1},"b":{"0":[2],"1":[8],"2":[0,0],"3":[0,8],"4":[8,0]}}
,"C:\\Users\\sk8_c\\Documents\\React\\my-movie-app\\src\\components\\SearchBar\\styles.ts": {"path":"C:\\Users\\sk8_c\\Documents\\React\\my-movie-app\\src\\components\\SearchBar\\styles.ts","statementMap":{"0":{"start":{"line":3,"column":13},"end":{"line":8,"column":2}},"1":{"start":{"line":10,"column":43},"end":{"line":16,"column":2}},"2":{"start":{"line":10,"column":55},"end":{"line":16,"column":2}},"3":{"start":{"line":10,"column":13},"end":{"line":10,"column":43}},"4":{"start":{"line":18,"column":40},"end":{"line":23,"column":2}},"5":{"start":{"line":18,"column":52},"end":{"line":23,"column":2}},"6":{"start":{"line":18,"column":13},"end":{"line":18,"column":40}}},"fnMap":{"0":{"name":"(anonymous_0)","decl":{"start":{"line":10,"column":43},"end":{"line":10,"column":44}},"loc":{"start":{"line":10,"column":55},"end":{"line":16,"column":2}}},"1":{"name":"(anonymous_1)","decl":{"start":{"line":18,"column":40},"end":{"line":18,"column":41}},"loc":{"start":{"line":18,"column":52},"end":{"line":23,"column":2}}}},"branchMap":{},"s":{"0":0,"1":0,"2":0,"3":0,"4":0,"5":0,"6":0},"f":{"0":0,"1":0},"b":{}}
,"C:\\Users\\sk8_c\\Documents\\React\\my-movie-app\\src\\hooks\\useInfiniteScroll.ts": {"path":"C:\\Users\\sk8_c\\Documents\\React\\my-movie-app\\src\\hooks\\useInfiniteScroll.ts","statementMap":{"0":{"start":{"line":10,"column":0},"end":{"line":10,"column":16}},"1":{"start":{"line":1,"column":0},"end":{"line":1,"column":55}},"2":{"start":{"line":16,"column":22},"end":{"line":16,"column":57}},"3":{"start":{"line":17,"column":19},"end":{"line":17,"column":60}},"4":{"start":{"line":19,"column":26},"end":{"line":26,"column":null}},"5":{"start":{"line":21,"column":22},"end":{"line":21,"column":29}},"6":{"start":{"line":22,"column":6},"end":{"line":24,"column":7}},"7":{"start":{"line":23,"column":8},"end":{"line":23,"column":21}},"8":{"start":{"line":29,"column":2},"end":{"line":42,"column":36}},"9":{"start":{"line":30,"column":4},"end":{"line":30,"column":35}},"10":{"start":{"line":32,"column":4},"end":{"line":34,"column":7}},"11":{"start":{"line":36,"column":15},"end":{"line":36,"column":34}},"12":{"start":{"line":37,"column":4},"end":{"line":37,"column":41}},"13":{"start":{"line":37,"column":12},"end":{"line":37,"column":41}},"14":{"start":{"line":39,"column":4},"end":{"line":41,"column":6}},"15":{"start":{"line":40,"column":6},"end":{"line":40,"column":37}},"16":{"start":{"line":44,"column":2},"end":{"line":44,"column":21}}},"fnMap":{"0":{"name":"useInfiniteScroll","decl":{"start":{"line":10,"column":16},"end":{"line":10,"column":33}},"loc":{"start":{"line":15,"column":24},"end":{"line":45,"column":1}}},"1":{"name":"(anonymous_1)","decl":{"start":{"line":20,"column":4},"end":{"line":20,"column":5}},"loc":{"start":{"line":20,"column":45},"end":{"line":25,"column":5}}},"2":{"name":"(anonymous_2)","decl":{"start":{"line":29,"column":12},"end":{"line":29,"column":15}},"loc":{"start":{"line":29,"column":17},"end":{"line":42,"column":3}}},"3":{"name":"(anonymous_3)","decl":{"start":{"line":39,"column":11},"end":{"line":39,"column":14}},"loc":{"start":{"line":39,"column":16},"end":{"line":41,"column":5}}}},"branchMap":{"0":{"loc":{"start":{"line":14,"column":2},"end":{"line":14,"column":22}},"type":"default-arg","locations":[{"start":{"line":14,"column":15},"end":{"line":14,"column":22}}]},"1":{"loc":{"start":{"line":22,"column":6},"end":{"line":24,"column":7}},"type":"if","locations":[{"start":{"line":22,"column":6},"end":{"line":24,"column":7}},{"start":{},"end":{}}]},"2":{"loc":{"start":{"line":22,"column":10},"end":{"line":22,"column":53}},"type":"binary-expr","locations":[{"start":{"line":22,"column":10},"end":{"line":22,"column":30}},{"start":{"line":22,"column":34},"end":{"line":22,"column":42}},{"start":{"line":22,"column":46},"end":{"line":22,"column":53}}]},"3":{"loc":{"start":{"line":37,"column":4},"end":{"line":37,"column":41}},"type":"if","locations":[{"start":{"line":37,"column":4},"end":{"line":37,"column":41}},{"start":{},"end":{}}]}},"s":{"0":1,"1":1,"2":6,"3":6,"4":6,"5":0,"6":0,"7":0,"8":6,"9":6,"10":6,"11":6,"12":6,"13":6,"14":6,"15":6,"16":6},"f":{"0":6,"1":0,"2":6,"3":6},"b":{"0":[0],"1":[0,0],"2":[0,0,0],"3":[6,0]}}
,"C:\\Users\\sk8_c\\Documents\\React\\my-movie-app\\src\\pages\\HomePage\\index.tsx": {"path":"C:\\Users\\sk8_c\\Documents\\React\\my-movie-app\\src\\pages\\HomePage\\index.tsx","statementMap":{"0":{"start":{"line":1,"column":0},"end":{"line":1,"column":70}},"1":{"start":{"line":2,"column":0},"end":{"line":2,"column":51}},"2":{"start":{"line":3,"column":0},"end":{"line":3,"column":66}},"3":{"start":{"line":4,"column":0},"end":{"line":4,"column":55}},"4":{"start":{"line":5,"column":0},"end":{"line":5,"column":66}},"5":{"start":{"line":6,"column":0},"end":{"line":6,"column":51}},"6":{"start":{"line":7,"column":0},"end":{"line":7,"column":51}},"7":{"start":{"line":8,"column":0},"end":{"line":8,"column":70}},"8":{"start":{"line":9,"column":0},"end":{"line":9,"column":65}},"9":{"start":{"line":11,"column":17},"end":{"line":104,"column":1}},"10":{"start":{"line":12,"column":21},"end":{"line":12,"column":34}},"11":{"start":{"line":13,"column":25},"end":{"line":13,"column":42}},"12":{"start":{"line":14,"column":24},"end":{"line":16,"column":null}},"13":{"start":{"line":15,"column":10},"end":{"line":15,"column":50}},"14":{"start":{"line":19,"column":24},"end":{"line":19,"column":61}},"15":{"start":{"line":19,"column":45},"end":{"line":19,"column":60}},"16":{"start":{"line":20,"column":17},"end":{"line":20,"column":47}},"17":{"start":{"line":20,"column":38},"end":{"line":20,"column":46}},"18":{"start":{"line":21,"column":24},"end":{"line":21,"column":61}},"19":{"start":{"line":21,"column":45},"end":{"line":21,"column":60}},"20":{"start":{"line":22,"column":15},"end":{"line":22,"column":43}},"21":{"start":{"line":22,"column":36},"end":{"line":22,"column":42}},"22":{"start":{"line":23,"column":21},"end":{"line":23,"column":55}},"23":{"start":{"line":23,"column":42},"end":{"line":23,"column":54}},"24":{"start":{"line":24,"column":18},"end":{"line":24,"column":49}},"25":{"start":{"line":24,"column":39},"end":{"line":24,"column":48}},"26":{"start":{"line":26,"column":29},"end":{"line":26,"column":71}},"27":{"start":{"line":26,"column":50},"end":{"line":26,"column":70}},"28":{"start":{"line":27,"column":26},"end":{"line":27,"column":65}},"29":{"start":{"line":27,"column":47},"end":{"line":27,"column":64}},"30":{"start":{"line":28,"column":22},"end":{"line":28,"column":57}},"31":{"start":{"line":28,"column":43},"end":{"line":28,"column":56}},"32":{"start":{"line":30,"column":2},"end":{"line":39,"column":72}},"33":{"start":{"line":31,"column":4},"end":{"line":31,"column":35}},"34":{"start":{"line":31,"column":28},"end":{"line":31,"column":35}},"35":{"start":{"line":32,"column":4},"end":{"line":32,"column":30}},"36":{"start":{"line":33,"column":4},"end":{"line":33,"column":18}},"37":{"start":{"line":34,"column":4},"end":{"line":37,"column":5}},"38":{"start":{"line":35,"column":6},"end":{"line":35,"column":47}},"39":{"start":{"line":36,"column":6},"end":{"line":36,"column":13}},"40":{"start":{"line":38,"column":4},"end":{"line":38,"column":25}},"41":{"start":{"line":41,"column":23},"end":{"line":50,"column":null}},"42":{"start":{"line":43,"column":6},"end":{"line":43,"column":20}},"43":{"start":{"line":44,"column":6},"end":{"line":47,"column":7}},"44":{"start":{"line":45,"column":8},"end":{"line":45,"column":40}},"45":{"start":{"line":46,"column":8},"end":{"line":46,"column":15}},"46":{"start":{"line":48,"column":6},"end":{"line":48,"column":27}},"47":{"start":{"line":53,"column":18},"end":{"line":55,"column":null}},"48":{"start":{"line":54,"column":10},"end":{"line":54,"column":53}},"49":{"start":{"line":57,"column":19},"end":{"line":59,"column":44}},"50":{"start":{"line":58,"column":4},"end":{"line":58,"column":70}},"51":{"start":{"line":58,"column":23},"end":{"line":58,"column":70}},"52":{"start":{"line":60,"column":22},"end":{"line":65,"column":4}},"53":{"start":{"line":67,"column":15},"end":{"line":69,"column":null}},"54":{"start":{"line":68,"column":11},"end":{"line":68,"column":49}},"55":{"start":{"line":72,"column":2},"end":{"line":103,"column":4}},"56":{"start":{"line":91,"column":10},"end":{"line":91,"column":36}},"57":{"start":{"line":106,"column":0},"end":{"line":106,"column":30}}},"fnMap":{"0":{"name":"(anonymous_1)","decl":{"start":{"line":11,"column":17},"end":{"line":11,"column":20}},"loc":{"start":{"line":11,"column":22},"end":{"line":104,"column":1}}},"1":{"name":"(anonymous_2)","decl":{"start":{"line":15,"column":4},"end":{"line":15,"column":7}},"loc":{"start":{"line":15,"column":10},"end":{"line":15,"column":50}}},"2":{"name":"(anonymous_3)","decl":{"start":{"line":19,"column":38},"end":{"line":19,"column":39}},"loc":{"start":{"line":19,"column":45},"end":{"line":19,"column":60}}},"3":{"name":"(anonymous_4)","decl":{"start":{"line":20,"column":31},"end":{"line":20,"column":32}},"loc":{"start":{"line":20,"column":38},"end":{"line":20,"column":46}}},"4":{"name":"(anonymous_5)","decl":{"start":{"line":21,"column":38},"end":{"line":21,"column":39}},"loc":{"start":{"line":21,"column":45},"end":{"line":21,"column":60}}},"5":{"name":"(anonymous_6)","decl":{"start":{"line":22,"column":29},"end":{"line":22,"column":30}},"loc":{"start":{"line":22,"column":36},"end":{"line":22,"column":42}}},"6":{"name":"(anonymous_7)","decl":{"start":{"line":23,"column":35},"end":{"line":23,"column":36}},"loc":{"start":{"line":23,"column":42},"end":{"line":23,"column":54}}},"7":{"name":"(anonymous_8)","decl":{"start":{"line":24,"column":32},"end":{"line":24,"column":33}},"loc":{"start":{"line":24,"column":39},"end":{"line":24,"column":48}}},"8":{"name":"(anonymous_9)","decl":{"start":{"line":26,"column":43},"end":{"line":26,"column":44}},"loc":{"start":{"line":26,"column":50},"end":{"line":26,"column":70}}},"9":{"name":"(anonymous_10)","decl":{"start":{"line":27,"column":40},"end":{"line":27,"column":41}},"loc":{"start":{"line":27,"column":47},"end":{"line":27,"column":64}}},"10":{"name":"(anonymous_11)","decl":{"start":{"line":28,"column":36},"end":{"line":28,"column":37}},"loc":{"start":{"line":28,"column":43},"end":{"line":28,"column":56}}},"11":{"name":"(anonymous_12)","decl":{"start":{"line":30,"column":12},"end":{"line":30,"column":15}},"loc":{"start":{"line":30,"column":17},"end":{"line":39,"column":3}}},"12":{"name":"(anonymous_13)","decl":{"start":{"line":42,"column":4},"end":{"line":42,"column":5}},"loc":{"start":{"line":42,"column":21},"end":{"line":49,"column":5}}},"13":{"name":"(anonymous_14)","decl":{"start":{"line":54,"column":4},"end":{"line":54,"column":7}},"loc":{"start":{"line":54,"column":10},"end":{"line":54,"column":53}}},"14":{"name":"(anonymous_15)","decl":{"start":{"line":57,"column":31},"end":{"line":57,"column":34}},"loc":{"start":{"line":57,"column":36},"end":{"line":59,"column":3}}},"15":{"name":"(anonymous_16)","decl":{"start":{"line":68,"column":4},"end":{"line":68,"column":7}},"loc":{"start":{"line":68,"column":11},"end":{"line":68,"column":49}}},"16":{"name":"(anonymous_17)","decl":{"start":{"line":90,"column":18},"end":{"line":90,"column":19}},"loc":{"start":{"line":91,"column":10},"end":{"line":91,"column":36}}}},"branchMap":{"0":{"loc":{"start":{"line":15,"column":10},"end":{"line":15,"column":50}},"type":"binary-expr","locations":[{"start":{"line":15,"column":10},"end":{"line":15,"column":44}},{"start":{"line":15,"column":48},"end":{"line":15,"column":50}}]},"1":{"loc":{"start":{"line":31,"column":4},"end":{"line":31,"column":35}},"type":"if","locations":[{"start":{"line":31,"column":4},"end":{"line":31,"column":35}},{"start":{},"end":{}}]},"2":{"loc":{"start":{"line":34,"column":4},"end":{"line":37,"column":5}},"type":"if","locations":[{"start":{"line":34,"column":4},"end":{"line":37,"column":5}},{"start":{},"end":{}}]},"3":{"loc":{"start":{"line":44,"column":6},"end":{"line":47,"column":7}},"type":"if","locations":[{"start":{"line":44,"column":6},"end":{"line":47,"column":7}},{"start":{},"end":{}}]},"4":{"loc":{"start":{"line":54,"column":18},"end":{"line":54,"column":52}},"type":"binary-expr","locations":[{"start":{"line":54,"column":18},"end":{"line":54,"column":31}},{"start":{"line":54,"column":35},"end":{"line":54,"column":52}}]},"5":{"loc":{"start":{"line":58,"column":4},"end":{"line":58,"column":70}},"type":"if","locations":[{"start":{"line":58,"column":4},"end":{"line":58,"column":70}},{"start":{},"end":{}}]},"6":{"loc":{"start":{"line":68,"column":11},"end":{"line":68,"column":49}},"type":"cond-expr","locations":[{"start":{"line":68,"column":27},"end":{"line":68,"column":33}},{"start":{"line":68,"column":36},"end":{"line":68,"column":49}}]},"7":{"loc":{"start":{"line":74,"column":7},"end":{"line":77,"column":null}},"type":"binary-expr","locations":[{"start":{"line":74,"column":7},"end":{"line":74,"column":14}},{"start":{"line":74,"column":18},"end":{"line":74,"column":28}},{"start":{"line":75,"column":8},"end":{"line":76,"column":null}}]},"8":{"loc":{"start":{"line":80,"column":9},"end":{"line":82,"column":30}},"type":"cond-expr","locations":[{"start":{"line":81,"column":12},"end":{"line":81,"column":48}},{"start":{"line":82,"column":12},"end":{"line":82,"column":30}}]},"9":{"loc":{"start":{"line":97,"column":7},"end":{"line":100,"column":null}},"type":"binary-expr","locations":[{"start":{"line":97,"column":7},"end":{"line":97,"column":14}},{"start":{"line":97,"column":18},"end":{"line":97,"column":26}},{"start":{"line":98,"column":8},"end":{"line":99,"column":null}}]}},"s":{"0":1,"1":1,"2":1,"3":1,"4":1,"5":1,"6":1,"7":1,"8":1,"9":1,"10":6,"11":6,"12":6,"13":6,"14":6,"15":6,"16":6,"17":6,"18":6,"19":6,"20":6,"21":6,"22":6,"23":6,"24":6,"25":6,"26":6,"27":6,"28":6,"29":6,"30":6,"31":6,"32":6,"33":6,"34":0,"35":6,"36":6,"37":6,"38":1,"39":1,"40":5,"41":6,"42":0,"43":0,"44":0,"45":0,"46":0,"47":6,"48":6,"49":6,"50":0,"51":0,"52":6,"53":6,"54":6,"55":6,"56":11,"57":1},"f":{"0":6,"1":6,"2":6,"3":6,"4":6,"5":6,"6":6,"7":6,"8":6,"9":6,"10":6,"11":6,"12":0,"13":6,"14":0,"15":6,"16":11},"b":{"0":[6,5],"1":[0,6],"2":[1,5],"3":[0,0],"4":[6,1],"5":[0,0],"6":[1,5],"7":[6,2,1],"8":[1,5],"9":[6,2,1]}}
,"C:\\Users\\sk8_c\\Documents\\React\\my-movie-app\\src\\pages\\HomePage\\styles.ts": {"path":"C:\\Users\\sk8_c\\Documents\\React\\my-movie-app\\src\\pages\\HomePage\\styles.ts","statementMap":{"0":{"start":{"line":3,"column":43},"end":{"line":8,"column":2}},"1":{"start":{"line":3,"column":55},"end":{"line":8,"column":2}},"2":{"start":{"line":3,"column":13},"end":{"line":3,"column":43}},"3":{"start":{"line":9,"column":13},"end":{"line":9,"column":49}},"4":{"start":{"line":10,"column":38},"end":{"line":14,"column":2}},"5":{"start":{"line":10,"column":50},"end":{"line":14,"column":2}},"6":{"start":{"line":10,"column":13},"end":{"line":10,"column":38}},"7":{"start":{"line":15,"column":13},"end":{"line":15,"column":75}}},"fnMap":{"0":{"name":"(anonymous_0)","decl":{"start":{"line":3,"column":43},"end":{"line":3,"column":44}},"loc":{"start":{"line":3,"column":55},"end":{"line":8,"column":2}}},"1":{"name":"(anonymous_1)","decl":{"start":{"line":10,"column":38},"end":{"line":10,"column":39}},"loc":{"start":{"line":10,"column":50},"end":{"line":14,"column":2}}}},"branchMap":{},"s":{"0":1,"1":6,"2":1,"3":1,"4":1,"5":6,"6":1,"7":1},"f":{"0":6,"1":6},"b":{}}
,"C:\\Users\\sk8_c\\Documents\\React\\my-movie-app\\src\\pages\\MovieDetailPage\\index.tsx": {"path":"C:\\Users\\sk8_c\\Documents\\React\\my-movie-app\\src\\pages\\MovieDetailPage\\index.tsx","statementMap":{"0":{"start":{"line":1,"column":0},"end":{"line":1,"column":40}},"1":{"start":{"line":2,"column":0},"end":{"line":2,"column":53}},"2":{"start":{"line":3,"column":0},"end":{"line":3,"column":55}},"3":{"start":{"line":4,"column":0},"end":{"line":4,"column":50}},"4":{"start":{"line":5,"column":0},"end":{"line":5,"column":55}},"5":{"start":{"line":6,"column":0},"end":{"line":6,"column":null}},"6":{"start":{"line":20,"column":0},"end":{"line":20,"column":52}},"7":{"start":{"line":21,"column":0},"end":{"line":21,"column":65}},"8":{"start":{"line":22,"column":0},"end":{"line":22,"column":65}},"9":{"start":{"line":23,"column":0},"end":{"line":23,"column":74}},"10":{"start":{"line":24,"column":0},"end":{"line":24,"column":58}},"11":{"start":{"line":26,"column":24},"end":{"line":133,"column":2}},"12":{"start":{"line":27,"column":17},"end":{"line":27,"column":44}},"13":{"start":{"line":28,"column":19},"end":{"line":28,"column":32}},"14":{"start":{"line":29,"column":27},"end":{"line":29,"column":67}},"15":{"start":{"line":29,"column":48},"end":{"line":29,"column":66}},"16":{"start":{"line":30,"column":22},"end":{"line":31,"column":null}},"17":{"start":{"line":31,"column":4},"end":{"line":31,"column":39}},"18":{"start":{"line":33,"column":18},"end":{"line":33,"column":49}},"19":{"start":{"line":33,"column":39},"end":{"line":33,"column":48}},"20":{"start":{"line":34,"column":24},"end":{"line":34,"column":61}},"21":{"start":{"line":34,"column":45},"end":{"line":34,"column":60}},"22":{"start":{"line":36,"column":2},"end":{"line":38,"column":29}},"23":{"start":{"line":37,"column":4},"end":{"line":37,"column":33}},"24":{"start":{"line":37,"column":12},"end":{"line":37,"column":33}},"25":{"start":{"line":40,"column":2},"end":{"line":46,"column":3}},"26":{"start":{"line":41,"column":4},"end":{"line":45,"column":6}},"27":{"start":{"line":48,"column":2},"end":{"line":50,"column":3}},"28":{"start":{"line":49,"column":4},"end":{"line":49,"column":16}},"29":{"start":{"line":58,"column":6},"end":{"line":58,"column":17}},"30":{"start":{"line":60,"column":20},"end":{"line":62,"column":14}},"31":{"start":{"line":64,"column":2},"end":{"line":132,"column":4}},"32":{"start":{"line":98,"column":14},"end":{"line":98,"column":35}},"33":{"start":{"line":123,"column":10},"end":{"line":126,"column":12}},"34":{"start":{"line":135,"column":0},"end":{"line":135,"column":31}}},"fnMap":{"0":{"name":"(anonymous_1)","decl":{"start":{"line":26,"column":29},"end":{"line":26,"column":32}},"loc":{"start":{"line":26,"column":34},"end":{"line":133,"column":1}}},"1":{"name":"(anonymous_2)","decl":{"start":{"line":29,"column":41},"end":{"line":29,"column":42}},"loc":{"start":{"line":29,"column":48},"end":{"line":29,"column":66}}},"2":{"name":"(anonymous_3)","decl":{"start":{"line":30,"column":36},"end":{"line":30,"column":37}},"loc":{"start":{"line":31,"column":4},"end":{"line":31,"column":39}}},"3":{"name":"(anonymous_4)","decl":{"start":{"line":33,"column":32},"end":{"line":33,"column":33}},"loc":{"start":{"line":33,"column":39},"end":{"line":33,"column":48}}},"4":{"name":"(anonymous_5)","decl":{"start":{"line":34,"column":38},"end":{"line":34,"column":39}},"loc":{"start":{"line":34,"column":45},"end":{"line":34,"column":60}}},"5":{"name":"(anonymous_6)","decl":{"start":{"line":36,"column":12},"end":{"line":36,"column":15}},"loc":{"start":{"line":36,"column":17},"end":{"line":38,"column":3}}},"6":{"name":"(anonymous_7)","decl":{"start":{"line":97,"column":22},"end":{"line":97,"column":23}},"loc":{"start":{"line":98,"column":14},"end":{"line":98,"column":35}}},"7":{"name":"(anonymous_8)","decl":{"start":{"line":122,"column":17},"end":{"line":122,"column":20}},"loc":{"start":{"line":123,"column":10},"end":{"line":126,"column":12}}}},"branchMap":{"0":{"loc":{"start":{"line":31,"column":4},"end":{"line":31,"column":39}},"type":"cond-expr","locations":[{"start":{"line":31,"column":9},"end":{"line":31,"column":27}},{"start":{"line":31,"column":30},"end":{"line":31,"column":39}}]},"1":{"loc":{"start":{"line":37,"column":4},"end":{"line":37,"column":33}},"type":"if","locations":[{"start":{"line":37,"column":4},"end":{"line":37,"column":33}},{"start":{},"end":{}}]},"2":{"loc":{"start":{"line":40,"column":2},"end":{"line":46,"column":3}},"type":"if","locations":[{"start":{"line":40,"column":2},"end":{"line":46,"column":3}},{"start":{},"end":{}}]},"3":{"loc":{"start":{"line":48,"column":2},"end":{"line":50,"column":3}},"type":"if","locations":[{"start":{"line":48,"column":2},"end":{"line":50,"column":3}},{"start":{},"end":{}}]},"4":{"loc":{"start":{"line":57,"column":4},"end":{"line":57,"column":13}},"type":"default-arg","locations":[{"start":{"line":57,"column":11},"end":{"line":57,"column":13}}]},"5":{"loc":{"start":{"line":60,"column":20},"end":{"line":62,"column":14}},"type":"cond-expr","locations":[{"start":{"line":61,"column":6},"end":{"line":61,"column":55}},{"start":{"line":62,"column":6},"end":{"line":62,"column":14}}]},"6":{"loc":{"start":{"line":91,"column":7},"end":{"line":115,"column":null}},"type":"binary-expr","locations":[{"start":{"line":91,"column":7},"end":{"line":91,"column":22}},{"start":{"line":92,"column":8},"end":{"line":114,"column":null}}]},"7":{"loc":{"start":{"line":103,"column":20},"end":{"line":105,"column":36}},"type":"cond-expr","locations":[{"start":{"line":104,"column":24},"end":{"line":104,"column":79}},{"start":{"line":105,"column":24},"end":{"line":105,"column":36}}]},"8":{"loc":{"start":{"line":125,"column":20},"end":{"line":125,"column":67}},"type":"cond-expr","locations":[{"start":{"line":125,"column":36},"end":{"line":125,"column":62}},{"start":{"line":125,"column":65},"end":{"line":125,"column":67}}]}},"s":{"0":1,"1":1,"2":1,"3":1,"4":1,"5":1,"6":1,"7":1,"8":1,"9":1,"10":1,"11":1,"12":7,"13":7,"14":7,"15":7,"16":7,"17":7,"18":7,"19":7,"20":7,"21":7,"22":7,"23":7,"24":7,"25":7,"26":1,"27":6,"28":1,"29":5,"30":5,"31":5,"32":8,"33":0,"34":1},"f":{"0":7,"1":7,"2":7,"3":7,"4":7,"5":7,"6":8,"7":0},"b":{"0":[7,0],"1":[7,0],"2":[1,6],"3":[1,5],"4":[0],"5":[4,1],"6":[5,4],"7":[4,4],"8":[0,0]}}
,"C:\\Users\\sk8_c\\Documents\\React\\my-movie-app\\src\\pages\\MovieDetailPage\\styles.ts": {"path":"C:\\Users\\sk8_c\\Documents\\React\\my-movie-app\\src\\pages\\MovieDetailPage\\styles.ts","statementMap":{"0":{"start":{"line":3,"column":43},"end":{"line":8,"column":2}},"1":{"start":{"line":3,"column":55},"end":{"line":8,"column":2}},"2":{"start":{"line":3,"column":13},"end":{"line":3,"column":43}},"3":{"start":{"line":10,"column":38},"end":{"line":18,"column":2}},"4":{"start":{"line":10,"column":50},"end":{"line":18,"column":2}},"5":{"start":{"line":10,"column":13},"end":{"line":10,"column":38}},"6":{"start":{"line":20,"column":13},"end":{"line":24,"column":2}},"7":{"start":{"line":26,"column":13},"end":{"line":30,"column":2}},"8":{"start":{"line":32,"column":13},"end":{"line":36,"column":2}},"9":{"start":{"line":38,"column":41},"end":{"line":40,"column":2}},"10":{"start":{"line":38,"column":53},"end":{"line":40,"column":2}},"11":{"start":{"line":38,"column":13},"end":{"line":38,"column":41}},"12":{"start":{"line":42,"column":42},"end":{"line":46,"column":2}},"13":{"start":{"line":42,"column":54},"end":{"line":46,"column":2}},"14":{"start":{"line":42,"column":13},"end":{"line":42,"column":42}},"15":{"start":{"line":48,"column":42},"end":{"line":56,"column":2}},"16":{"start":{"line":48,"column":54},"end":{"line":56,"column":2}},"17":{"start":{"line":48,"column":13},"end":{"line":48,"column":42}},"18":{"start":{"line":58,"column":13},"end":{"line":64,"column":2}},"19":{"start":{"line":66,"column":13},"end":{"line":69,"column":2}},"20":{"start":{"line":71,"column":13},"end":{"line":75,"column":2}},"21":{"start":{"line":77,"column":37},"end":{"line":82,"column":2}},"22":{"start":{"line":77,"column":49},"end":{"line":82,"column":2}},"23":{"start":{"line":77,"column":13},"end":{"line":77,"column":37}}},"fnMap":{"0":{"name":"(anonymous_0)","decl":{"start":{"line":3,"column":43},"end":{"line":3,"column":44}},"loc":{"start":{"line":3,"column":55},"end":{"line":8,"column":2}}},"1":{"name":"(anonymous_1)","decl":{"start":{"line":10,"column":38},"end":{"line":10,"column":39}},"loc":{"start":{"line":10,"column":50},"end":{"line":18,"column":2}}},"2":{"name":"(anonymous_2)","decl":{"start":{"line":38,"column":41},"end":{"line":38,"column":42}},"loc":{"start":{"line":38,"column":53},"end":{"line":40,"column":2}}},"3":{"name":"(anonymous_3)","decl":{"start":{"line":42,"column":42},"end":{"line":42,"column":43}},"loc":{"start":{"line":42,"column":54},"end":{"line":46,"column":2}}},"4":{"name":"(anonymous_4)","decl":{"start":{"line":48,"column":42},"end":{"line":48,"column":43}},"loc":{"start":{"line":48,"column":54},"end":{"line":56,"column":2}}},"5":{"name":"(anonymous_5)","decl":{"start":{"line":77,"column":37},"end":{"line":77,"column":38}},"loc":{"start":{"line":77,"column":49},"end":{"line":82,"column":2}}}},"branchMap":{},"s":{"0":1,"1":6,"2":1,"3":1,"4":5,"5":1,"6":1,"7":1,"8":1,"9":1,"10":9,"11":1,"12":1,"13":4,"14":1,"15":1,"16":8,"17":1,"18":1,"19":1,"20":1,"21":1,"22":5,"23":1},"f":{"0":6,"1":5,"2":9,"3":4,"4":8,"5":5},"b":{}}
,"C:\\Users\\sk8_c\\Documents\\React\\my-movie-app\\src\\routes\\AppRoutes.tsx": {"path":"C:\\Users\\sk8_c\\Documents\\React\\my-movie-app\\src\\routes\\AppRoutes.tsx","statementMap":{"0":{"start":{"line":1,"column":0},"end":{"line":1,"column":39}},"1":{"start":{"line":2,"column":0},"end":{"line":2,"column":59}},"2":{"start":{"line":3,"column":0},"end":{"line":3,"column":62}},"3":{"start":{"line":5,"column":17},"end":{"line":5,"column":56}},"4":{"start":{"line":5,"column":27},"end":{"line":5,"column":55}},"5":{"start":{"line":6,"column":24},"end":{"line":6,"column":70}},"6":{"start":{"line":6,"column":34},"end":{"line":6,"column":69}},"7":{"start":{"line":8,"column":25},"end":{"line":18,"column":1}},"8":{"start":{"line":9,"column":2},"end":{"line":17,"column":4}},"9":{"start":{"line":8,"column":13},"end":{"line":8,"column":25}}},"fnMap":{"0":{"name":"(anonymous_9)","decl":{"start":{"line":5,"column":22},"end":{"line":5,"column":25}},"loc":{"start":{"line":5,"column":27},"end":{"line":5,"column":55}}},"1":{"name":"(anonymous_10)","decl":{"start":{"line":5,"column":27},"end":{"line":5,"column":35}},"loc":{"start":{"line":5,"column":27},"end":{"line":5,"column":55}}},"2":{"name":"(anonymous_11)","decl":{"start":{"line":6,"column":29},"end":{"line":6,"column":32}},"loc":{"start":{"line":6,"column":34},"end":{"line":6,"column":69}}},"3":{"name":"(anonymous_12)","decl":{"start":{"line":6,"column":34},"end":{"line":6,"column":42}},"loc":{"start":{"line":6,"column":34},"end":{"line":6,"column":69}}},"4":{"name":"(anonymous_13)","decl":{"start":{"line":8,"column":25},"end":{"line":8,"column":28}},"loc":{"start":{"line":8,"column":30},"end":{"line":18,"column":1}}}},"branchMap":{},"s":{"0":0,"1":0,"2":0,"3":0,"4":0,"5":0,"6":0,"7":0,"8":0,"9":0},"f":{"0":0,"1":0,"2":0,"3":0,"4":0},"b":{}}
,"C:\\Users\\sk8_c\\Documents\\React\\my-movie-app\\src\\store\\movieStore.ts": {"path":"C:\\Users\\sk8_c\\Documents\\React\\my-movie-app\\src\\store\\movieStore.ts","statementMap":{"0":{"start":{"line":1,"column":0},"end":{"line":1,"column":33}},"1":{"start":{"line":2,"column":0},"end":{"line":2,"column":75}},"2":{"start":{"line":4,"column":0},"end":{"line":4,"column":57}},"3":{"start":{"line":25,"column":13},"end":{"line":91,"column":4}},"4":{"start":{"line":25,"column":63},"end":{"line":91,"column":2}},"5":{"start":{"line":36,"column":4},"end":{"line":36,"column":40}},"6":{"start":{"line":37,"column":4},"end":{"line":43,"column":5}},"7":{"start":{"line":38,"column":22},"end":{"line":38,"column":46}},"8":{"start":{"line":39,"column":6},"end":{"line":39,"column":54}},"9":{"start":{"line":41,"column":18},"end":{"line":41,"column":37}},"10":{"start":{"line":42,"column":6},"end":{"line":42,"column":42}},"11":{"start":{"line":47,"column":4},"end":{"line":47,"column":40}},"12":{"start":{"line":48,"column":4},"end":{"line":60,"column":5}},"13":{"start":{"line":49,"column":38},"end":{"line":49,"column":71}},"14":{"start":{"line":50,"column":6},"end":{"line":56,"column":10}},"15":{"start":{"line":50,"column":22},"end":{"line":56,"column":8}},"16":{"start":{"line":58,"column":18},"end":{"line":58,"column":37}},"17":{"start":{"line":59,"column":6},"end":{"line":59,"column":42}},"18":{"start":{"line":64,"column":4},"end":{"line":64,"column":40}},"19":{"start":{"line":65,"column":19},"end":{"line":65,"column":41}},"20":{"start":{"line":66,"column":4},"end":{"line":69,"column":5}},"21":{"start":{"line":67,"column":6},"end":{"line":67,"column":30}},"22":{"start":{"line":68,"column":6},"end":{"line":68,"column":13}},"23":{"start":{"line":70,"column":4},"end":{"line":79,"column":5}},"24":{"start":{"line":71,"column":21},"end":{"line":71,"column":43}},"25":{"start":{"line":72,"column":6},"end":{"line":75,"column":10}},"26":{"start":{"line":72,"column":22},"end":{"line":75,"column":8}},"27":{"start":{"line":77,"column":18},"end":{"line":77,"column":37}},"28":{"start":{"line":78,"column":6},"end":{"line":78,"column":42}},"29":{"start":{"line":83,"column":4},"end":{"line":89,"column":7}}},"fnMap":{"0":{"name":"(anonymous_0)","decl":{"start":{"line":25,"column":48},"end":{"line":25,"column":49}},"loc":{"start":{"line":25,"column":63},"end":{"line":91,"column":2}}},"1":{"name":"(anonymous_1)","decl":{"start":{"line":35,"column":22},"end":{"line":35,"column":27}},"loc":{"start":{"line":35,"column":33},"end":{"line":44,"column":3}}},"2":{"name":"(anonymous_2)","decl":{"start":{"line":46,"column":19},"end":{"line":46,"column":24}},"loc":{"start":{"line":46,"column":63},"end":{"line":61,"column":3}}},"3":{"name":"(anonymous_3)","decl":{"start":{"line":50,"column":10},"end":{"line":50,"column":11}},"loc":{"start":{"line":50,"column":22},"end":{"line":56,"column":8}}},"4":{"name":"(anonymous_4)","decl":{"start":{"line":63,"column":20},"end":{"line":63,"column":25}},"loc":{"start":{"line":63,"column":33},"end":{"line":80,"column":3}}},"5":{"name":"(anonymous_5)","decl":{"start":{"line":72,"column":10},"end":{"line":72,"column":11}},"loc":{"start":{"line":72,"column":22},"end":{"line":75,"column":8}}},"6":{"name":"(anonymous_6)","decl":{"start":{"line":82,"column":15},"end":{"line":82,"column":18}},"loc":{"start":{"line":82,"column":20},"end":{"line":90,"column":3}}}},"branchMap":{"0":{"loc":{"start":{"line":46,"column":35},"end":{"line":46,"column":43}},"type":"default-arg","locations":[{"start":{"line":46,"column":42},"end":{"line":46,"column":43}}]},"1":{"loc":{"start":{"line":46,"column":45},"end":{"line":46,"column":59}},"type":"default-arg","locations":[{"start":{"line":46,"column":54},"end":{"line":46,"column":59}}]},"2":{"loc":{"start":{"line":54,"column":16},"end":{"line":54,"column":62}},"type":"cond-expr","locations":[{"start":{"line":54,"column":25},"end":{"line":54,"column":53}},{"start":{"line":54,"column":56},"end":{"line":54,"column":62}}]},"3":{"loc":{"start":{"line":66,"column":4},"end":{"line":69,"column":5}},"type":"if","locations":[{"start":{"line":66,"column":4},"end":{"line":69,"column":5}},{"start":{},"end":{}}]}},"s":{"0":0,"1":0,"2":0,"3":0,"4":0,"5":0,"6":0,"7":0,"8":0,"9":0,"10":0,"11":0,"12":0,"13":0,"14":0,"15":0,"16":0,"17":0,"18":0,"19":0,"20":0,"21":0,"22":0,"23":0,"24":0,"25":0,"26":0,"27":0,"28":0,"29":0},"f":{"0":0,"1":0,"2":0,"3":0,"4":0,"5":0,"6":0},"b":{"0":[0],"1":[0],"2":[0,0],"3":[0,0]}}
,"C:\\Users\\sk8_c\\Documents\\React\\my-movie-app\\src\\store\\themeStore.ts": {"path":"C:\\Users\\sk8_c\\Documents\\React\\my-movie-app\\src\\store\\themeStore.ts","statementMap":{"0":{"start":{"line":1,"column":0},"end":{"line":1,"column":33}},"1":{"start":{"line":12,"column":13},"end":{"line":27,"column":4}},"2":{"start":{"line":12,"column":63},"end":{"line":27,"column":2}},"3":{"start":{"line":15,"column":21},"end":{"line":15,"column":77}},"4":{"start":{"line":17,"column":4},"end":{"line":20,"column":7}},"5":{"start":{"line":17,"column":20},"end":{"line":20,"column":6}},"6":{"start":{"line":22,"column":4},"end":{"line":25,"column":7}},"7":{"start":{"line":22,"column":20},"end":{"line":25,"column":6}},"8":{"start":{"line":26,"column":19},"end":{"line":26,"column":40}}},"fnMap":{"0":{"name":"(anonymous_0)","decl":{"start":{"line":12,"column":48},"end":{"line":12,"column":49}},"loc":{"start":{"line":12,"column":63},"end":{"line":27,"column":2}}},"1":{"name":"(anonymous_1)","decl":{"start":{"line":15,"column":15},"end":{"line":15,"column":18}},"loc":{"start":{"line":15,"column":21},"end":{"line":15,"column":77}}},"2":{"name":"(anonymous_2)","decl":{"start":{"line":16,"column":16},"end":{"line":16,"column":19}},"loc":{"start":{"line":17,"column":4},"end":{"line":20,"column":7}}},"3":{"name":"(anonymous_3)","decl":{"start":{"line":17,"column":8},"end":{"line":17,"column":9}},"loc":{"start":{"line":17,"column":20},"end":{"line":20,"column":6}}},"4":{"name":"(anonymous_4)","decl":{"start":{"line":21,"column":16},"end":{"line":21,"column":19}},"loc":{"start":{"line":22,"column":4},"end":{"line":25,"column":7}}},"5":{"name":"(anonymous_5)","decl":{"start":{"line":22,"column":8},"end":{"line":22,"column":9}},"loc":{"start":{"line":22,"column":20},"end":{"line":25,"column":6}}},"6":{"name":"(anonymous_6)","decl":{"start":{"line":26,"column":13},"end":{"line":26,"column":16}},"loc":{"start":{"line":26,"column":19},"end":{"line":26,"column":40}}}},"branchMap":{"0":{"loc":{"start":{"line":15,"column":33},"end":{"line":15,"column":74}},"type":"cond-expr","locations":[{"start":{"line":15,"column":58},"end":{"line":15,"column":64}},{"start":{"line":15,"column":67},"end":{"line":15,"column":74}}]},"1":{"loc":{"start":{"line":19,"column":8},"end":{"line":19,"column":71}},"type":"cond-expr","locations":[{"start":{"line":19,"column":32},"end":{"line":19,"column":53}},{"start":{"line":19,"column":56},"end":{"line":19,"column":71}}]},"2":{"loc":{"start":{"line":24,"column":8},"end":{"line":24,"column":71}},"type":"cond-expr","locations":[{"start":{"line":24,"column":32},"end":{"line":24,"column":53}},{"start":{"line":24,"column":56},"end":{"line":24,"column":71}}]}},"s":{"0":0,"1":0,"2":0,"3":0,"4":0,"5":0,"6":0,"7":0,"8":0},"f":{"0":0,"1":0,"2":0,"3":0,"4":0,"5":0,"6":0},"b":{"0":[0,0],"1":[0,0],"2":[0,0]}}
,"C:\\Users\\sk8_c\\Documents\\React\\my-movie-app\\src\\theme\\theme.ts": {"path":"C:\\Users\\sk8_c\\Documents\\React\\my-movie-app\\src\\theme\\theme.ts","statementMap":{"0":{"start":{"line":1,"column":0},"end":{"line":1,"column":51}},"1":{"start":{"line":3,"column":25},"end":{"line":7,"column":2}},"2":{"start":{"line":9,"column":13},"end":{"line":16,"column":2}},"3":{"start":{"line":18,"column":13},"end":{"line":25,"column":2}},"4":{"start":{"line":27,"column":24},"end":{"line":53,"column":1}},"5":{"start":{"line":28,"column":19},"end":{"line":28,"column":76}},"6":{"start":{"line":29,"column":2},"end":{"line":52,"column":5}},"7":{"start":{"line":27,"column":13},"end":{"line":27,"column":24}}},"fnMap":{"0":{"name":"(anonymous_0)","decl":{"start":{"line":27,"column":24},"end":{"line":27,"column":25}},"loc":{"start":{"line":27,"column":70},"end":{"line":53,"column":1}}}},"branchMap":{"0":{"loc":{"start":{"line":28,"column":19},"end":{"line":28,"column":76}},"type":"cond-expr","locations":[{"start":{"line":28,"column":38},"end":{"line":28,"column":56}},{"start":{"line":28,"column":59},"end":{"line":28,"column":76}}]}},"s":{"0":0,"1":0,"2":0,"3":0,"4":0,"5":0,"6":0,"7":0},"f":{"0":0},"b":{"0":[0,0]}}
,"C:\\Users\\sk8_c\\Documents\\React\\my-movie-app\\src\\utils\\formatDate.ts": {"path":"C:\\Users\\sk8_c\\Documents\\React\\my-movie-app\\src\\utils\\formatDate.ts","statementMap":{"0":{"start":{"line":1,"column":0},"end":{"line":1,"column":16}},"1":{"start":{"line":2,"column":2},"end":{"line":2,"column":29}},"2":{"start":{"line":2,"column":19},"end":{"line":2,"column":29}},"3":{"start":{"line":3,"column":15},"end":{"line":3,"column":35}},"4":{"start":{"line":4,"column":2},"end":{"line":8,"column":5}}},"fnMap":{"0":{"name":"formatDate","decl":{"start":{"line":1,"column":16},"end":{"line":1,"column":26}},"loc":{"start":{"line":1,"column":45},"end":{"line":9,"column":1}}}},"branchMap":{"0":{"loc":{"start":{"line":2,"column":2},"end":{"line":2,"column":29}},"type":"if","locations":[{"start":{"line":2,"column":2},"end":{"line":2,"column":29}},{"start":{},"end":{}}]}},"s":{"0":2,"1":16,"2":11,"3":5,"4":5},"f":{"0":16},"b":{"0":[11,5]}}
,"C:\\Users\\sk8_c\\Documents\\React\\my-movie-app\\src\\utils\\handleApiError.ts": {"path":"C:\\Users\\sk8_c\\Documents\\React\\my-movie-app\\src\\utils\\handleApiError.ts","statementMap":{"0":{"start":{"line":4,"column":0},"end":{"line":4,"column":16}},"1":{"start":{"line":1,"column":0},"end":{"line":1,"column":31}},"2":{"start":{"line":2,"column":0},"end":{"line":2,"column":26}},"3":{"start":{"line":5,"column":16},"end":{"line":5,"column":45}},"4":{"start":{"line":7,"column":2},"end":{"line":21,"column":3}},"5":{"start":{"line":8,"column":4},"end":{"line":18,"column":5}},"6":{"start":{"line":9,"column":21},"end":{"line":9,"column":42}},"7":{"start":{"line":10,"column":19},"end":{"line":10,"column":38}},"8":{"start":{"line":11,"column":6},"end":{"line":13,"column":9}},"9":{"start":{"line":14,"column":11},"end":{"line":18,"column":5}},"10":{"start":{"line":15,"column":6},"end":{"line":15,"column":67}},"11":{"start":{"line":17,"column":6},"end":{"line":17,"column":55}},"12":{"start":{"line":19,"column":9},"end":{"line":21,"column":3}},"13":{"start":{"line":20,"column":4},"end":{"line":20,"column":28}},"14":{"start":{"line":23,"column":2},"end":{"line":28,"column":5}},"15":{"start":{"line":30,"column":2},"end":{"line":30,"column":17}}},"fnMap":{"0":{"name":"handleApiError","decl":{"start":{"line":4,"column":16},"end":{"line":4,"column":30}},"loc":{"start":{"line":4,"column":45},"end":{"line":31,"column":1}}}},"branchMap":{"0":{"loc":{"start":{"line":7,"column":2},"end":{"line":21,"column":3}},"type":"if","locations":[{"start":{"line":7,"column":2},"end":{"line":21,"column":3}},{"start":{"line":19,"column":9},"end":{"line":21,"column":3}}]},"1":{"loc":{"start":{"line":8,"column":4},"end":{"line":18,"column":5}},"type":"if","locations":[{"start":{"line":8,"column":4},"end":{"line":18,"column":5}},{"start":{"line":14,"column":11},"end":{"line":18,"column":5}}]},"2":{"loc":{"start":{"line":12,"column":8},"end":{"line":12,"column":null}},"type":"binary-expr","locations":[{"start":{"line":12,"column":8},"end":{"line":12,"column":28}},{"start":{"line":12,"column":32},"end":{"line":12,"column":null}}]},"3":{"loc":{"start":{"line":14,"column":11},"end":{"line":18,"column":5}},"type":"if","locations":[{"start":{"line":14,"column":11},"end":{"line":18,"column":5}},{"start":{"line":16,"column":11},"end":{"line":18,"column":5}}]},"4":{"loc":{"start":{"line":19,"column":9},"end":{"line":21,"column":3}},"type":"if","locations":[{"start":{"line":19,"column":9},"end":{"line":21,"column":3}},{"start":{},"end":{}}]}},"s":{"0":0,"1":0,"2":0,"3":0,"4":0,"5":0,"6":0,"7":0,"8":0,"9":0,"10":0,"11":0,"12":0,"13":0,"14":0,"15":0},"f":{"0":0},"b":{"0":[0,0],"1":[0,0],"2":[0,0],"3":[0,0],"4":[0,0]}}
}
