TN:
SF:src\App.tsx
FN:10,(anonymous_1)
FN:12,(anonymous_2)
FNF:2
FNH:0
FNDA:0,(anonymous_1)
FNDA:0,(anonymous_2)
DA:1,0
DA:2,0
DA:3,0
DA:4,0
DA:5,0
DA:6,0
DA:7,0
DA:8,0
DA:10,0
DA:11,0
DA:12,0
DA:14,0
DA:26,0
LF:13
LH:0
BRF:0
BRH:0
end_of_record
TN:
SF:src\main.tsx
FNF:0
FNH:0
DA:1,0
DA:2,0
DA:3,0
DA:5,0
LF:4
LH:0
BRF:0
BRH:0
end_of_record
TN:
SF:src\setupTests.ts
FNF:0
FNH:0
DA:1,0
LF:1
LH:0
BRF:0
BRH:0
end_of_record
TN:
SF:src\vite-env.d.ts
FNF:0
FNH:0
LF:0
LH:0
BRF:0
BRH:0
end_of_record
TN:
SF:src\api\tmdb.ts
FN:16,(anonymous_1)
FN:26,(anonymous_2)
FN:41,(anonymous_3)
FN:57,(anonymous_4)
FN:62,(anonymous_5)
FN:65,(anonymous_6)
FNF:6
FNH:0
FNDA:0,(anonymous_1)
FNDA:0,(anonymous_2)
FNDA:0,(anonymous_3)
FNDA:0,(anonymous_4)
FNDA:0,(anonymous_5)
FNDA:0,(anonymous_6)
DA:1,0
DA:4,0
DA:5,0
DA:6,0
DA:8,0
DA:16,0
DA:20,0
DA:21,0
DA:25,0
DA:27,0
DA:31,0
DA:37,0
DA:41,0
DA:42,0
DA:43,0
DA:48,0
DA:53,0
DA:57,0
DA:58,0
DA:59,0
DA:62,0
DA:63,0
DA:65,0
DA:66,0
LF:24
LH:0
BRDA:18,0,0,0
BRDA:57,1,0,0
BRDA:62,2,0,0
BRDA:63,3,0,0
BRDA:63,3,1,0
BRDA:65,4,0,0
BRDA:66,5,0,0
BRDA:66,5,1,0
BRF:8
BRH:0
end_of_record
TN:
SF:src\components\Header\index.tsx
FN:26,(anonymous_10)
FN:32,(anonymous_11)
FN:33,(anonymous_12)
FN:34,(anonymous_13)
FN:35,(anonymous_14)
FN:36,(anonymous_15)
FN:38,(anonymous_16)
FN:39,(anonymous_17)
FN:42,(anonymous_18)
FNF:9
FNH:0
FNDA:0,(anonymous_10)
FNDA:0,(anonymous_11)
FNDA:0,(anonymous_12)
FNDA:0,(anonymous_13)
FNDA:0,(anonymous_14)
FNDA:0,(anonymous_15)
FNDA:0,(anonymous_16)
FNDA:0,(anonymous_17)
FNDA:0,(anonymous_18)
DA:1,0
DA:2,0
DA:11,0
DA:12,0
DA:13,0
DA:14,0
DA:15,0
DA:16,0
DA:17,0
DA:26,0
DA:27,0
DA:28,0
DA:29,0
DA:30,0
DA:32,0
DA:33,0
DA:34,0
DA:35,0
DA:36,0
DA:38,0
DA:39,0
DA:41,0
DA:43,0
DA:44,0
DA:45,0
DA:47,0
DA:49,0
DA:50,0
DA:56,0
DA:108,0
LF:30
LH:0
BRDA:44,0,0,0
BRDA:44,0,1,0
BRDA:49,1,0,0
BRDA:49,1,1,0
BRDA:67,2,0,0
BRDA:67,2,1,0
BRDA:75,3,0,0
BRDA:75,3,1,0
BRDA:96,4,0,0
BRDA:96,4,1,0
BRF:10
BRH:0
end_of_record
TN:
SF:src\components\Header\styles.ts
FN:25,(anonymous_0)
FN:30,(anonymous_1)
FNF:2
FNH:0
FNDA:0,(anonymous_0)
FNDA:0,(anonymous_1)
DA:3,0
DA:11,0
DA:19,0
DA:25,0
DA:30,0
DA:36,0
LF:6
LH:0
BRF:0
BRH:0
end_of_record
TN:
SF:src\components\Layout\index.tsx
FN:9,(anonymous_1)
FNF:1
FNH:0
FNDA:0,(anonymous_1)
DA:1,0
DA:2,0
DA:3,0
DA:9,0
DA:10,0
DA:18,0
LF:6
LH:0
BRF:0
BRH:0
end_of_record
TN:
SF:src\components\LoadingSpinner\index.tsx
FN:4,(anonymous_0)
FNF:1
FNH:1
FNDA:2,(anonymous_0)
DA:1,2
DA:2,2
DA:4,2
DA:5,2
LF:4
LH:4
BRF:0
BRH:0
end_of_record
TN:
SF:src\components\LoadingSpinner\styles.ts
FN:17,(anonymous_0)
FN:27,(anonymous_1)
FNF:2
FNH:2
FNDA:2,(anonymous_0)
FNDA:2,(anonymous_1)
DA:1,2
DA:2,2
DA:3,2
DA:5,2
DA:11,2
DA:17,2
DA:27,2
DA:33,2
LF:8
LH:8
BRF:0
BRH:0
end_of_record
TN:
SF:src\components\MovieCard\index.tsx
FN:32,(anonymous_1)
FN:40,(anonymous_2)
FNF:2
FNH:1
FNDA:11,(anonymous_1)
FNDA:0,(anonymous_2)
DA:1,1
DA:2,1
DA:3,1
DA:11,1
DA:12,1
DA:14,1
DA:16,1
DA:26,1
DA:32,1
DA:33,11
DA:34,11
DA:36,11
DA:40,11
DA:41,0
DA:44,11
DA:78,1
LF:16
LH:15
BRDA:36,0,0,11
BRDA:36,0,1,0
BRF:2
BRH:1
end_of_record
TN:
SF:src\components\MovieCard\styles.ts
FN:37,(anonymous_0)
FN:46,(anonymous_1)
FN:55,(anonymous_2)
FN:62,(anonymous_3)
FNF:4
FNH:4
FNDA:11,(anonymous_0)
FNDA:11,(anonymous_1)
FNDA:11,(anonymous_2)
FNDA:11,(anonymous_3)
DA:3,1
DA:16,1
DA:22,1
DA:29,1
DA:37,11
DA:46,11
DA:55,11
DA:62,11
LF:8
LH:8
BRF:0
BRH:0
end_of_record
TN:
SF:src\components\SearchBar\index.tsx
FN:19,(anonymous_9)
FN:25,(anonymous_10)
FN:33,(anonymous_11)
FN:58,(anonymous_12)
FNF:4
FNH:3
FNDA:8,(anonymous_9)
FNDA:1,(anonymous_10)
FNDA:0,(anonymous_11)
FNDA:1,(anonymous_12)
DA:1,1
DA:2,1
DA:9,1
DA:10,1
DA:18,1
DA:20,8
DA:21,8
DA:22,8
DA:24,8
DA:26,1
DA:27,1
DA:32,8
DA:34,0
DA:35,0
DA:36,0
DA:42,8
DA:58,1
DA:103,1
LF:18
LH:15
BRDA:19,0,0,2
BRDA:19,1,0,8
BRDA:34,2,0,0
BRDA:34,2,1,0
BRDA:50,3,0,0
BRDA:50,3,1,8
BRDA:61,4,0,8
BRDA:61,4,1,0
BRF:8
BRH:4
end_of_record
TN:
SF:src\components\SearchBar\styles.ts
FN:10,(anonymous_0)
FN:18,(anonymous_1)
FNF:2
FNH:0
FNDA:0,(anonymous_0)
FNDA:0,(anonymous_1)
DA:3,0
DA:10,0
DA:18,0
LF:3
LH:0
BRF:0
BRH:0
end_of_record
TN:
SF:src\hooks\useInfiniteScroll.ts
FN:10,useInfiniteScroll
FN:20,(anonymous_1)
FN:29,(anonymous_2)
FN:39,(anonymous_3)
FNF:4
FNH:3
FNDA:6,useInfiniteScroll
FNDA:0,(anonymous_1)
FNDA:6,(anonymous_2)
FNDA:6,(anonymous_3)
DA:1,1
DA:10,1
DA:16,6
DA:17,6
DA:19,6
DA:21,0
DA:22,0
DA:23,0
DA:29,6
DA:30,6
DA:32,6
DA:36,6
DA:37,6
DA:39,6
DA:40,6
DA:44,6
LF:16
LH:13
BRDA:14,0,0,0
BRDA:22,1,0,0
BRDA:22,1,1,0
BRDA:22,2,0,0
BRDA:22,2,1,0
BRDA:22,2,2,0
BRDA:37,3,0,6
BRDA:37,3,1,0
BRF:8
BRH:1
end_of_record
TN:
SF:src\pages\HomePage\index.tsx
FN:11,(anonymous_1)
FN:15,(anonymous_2)
FN:19,(anonymous_3)
FN:20,(anonymous_4)
FN:21,(anonymous_5)
FN:22,(anonymous_6)
FN:23,(anonymous_7)
FN:24,(anonymous_8)
FN:26,(anonymous_9)
FN:27,(anonymous_10)
FN:28,(anonymous_11)
FN:30,(anonymous_12)
FN:42,(anonymous_13)
FN:54,(anonymous_14)
FN:57,(anonymous_15)
FN:68,(anonymous_16)
FN:90,(anonymous_17)
FNF:17
FNH:15
FNDA:6,(anonymous_1)
FNDA:6,(anonymous_2)
FNDA:6,(anonymous_3)
FNDA:6,(anonymous_4)
FNDA:6,(anonymous_5)
FNDA:6,(anonymous_6)
FNDA:6,(anonymous_7)
FNDA:6,(anonymous_8)
FNDA:6,(anonymous_9)
FNDA:6,(anonymous_10)
FNDA:6,(anonymous_11)
FNDA:6,(anonymous_12)
FNDA:0,(anonymous_13)
FNDA:6,(anonymous_14)
FNDA:0,(anonymous_15)
FNDA:6,(anonymous_16)
FNDA:11,(anonymous_17)
DA:1,1
DA:2,1
DA:3,1
DA:4,1
DA:5,1
DA:6,1
DA:7,1
DA:8,1
DA:9,1
DA:11,1
DA:12,6
DA:13,6
DA:14,6
DA:15,6
DA:19,6
DA:20,6
DA:21,6
DA:22,6
DA:23,6
DA:24,6
DA:26,6
DA:27,6
DA:28,6
DA:30,6
DA:31,6
DA:32,6
DA:33,6
DA:34,6
DA:35,1
DA:36,1
DA:38,5
DA:41,6
DA:43,0
DA:44,0
DA:45,0
DA:46,0
DA:48,0
DA:53,6
DA:54,6
DA:57,6
DA:58,0
DA:60,6
DA:67,6
DA:68,6
DA:72,6
DA:91,11
DA:106,1
LF:47
LH:41
BRDA:15,0,0,6
BRDA:15,0,1,5
BRDA:31,1,0,0
BRDA:31,1,1,6
BRDA:34,2,0,1
BRDA:34,2,1,5
BRDA:44,3,0,0
BRDA:44,3,1,0
BRDA:54,4,0,6
BRDA:54,4,1,1
BRDA:58,5,0,0
BRDA:58,5,1,0
BRDA:68,6,0,1
BRDA:68,6,1,5
BRDA:74,7,0,6
BRDA:74,7,1,2
BRDA:74,7,2,1
BRDA:80,8,0,1
BRDA:80,8,1,5
BRDA:97,9,0,6
BRDA:97,9,1,2
BRDA:97,9,2,1
BRF:22
BRH:17
end_of_record
TN:
SF:src\pages\HomePage\styles.ts
FN:3,(anonymous_0)
FN:10,(anonymous_1)
FNF:2
FNH:2
FNDA:6,(anonymous_0)
FNDA:6,(anonymous_1)
DA:3,6
DA:9,1
DA:10,6
DA:15,1
LF:4
LH:4
BRF:0
BRH:0
end_of_record
TN:
SF:src\pages\MovieDetailPage\index.tsx
FN:26,(anonymous_1)
FN:29,(anonymous_2)
FN:30,(anonymous_3)
FN:33,(anonymous_4)
FN:34,(anonymous_5)
FN:36,(anonymous_6)
FN:97,(anonymous_7)
FN:122,(anonymous_8)
FNF:8
FNH:7
FNDA:7,(anonymous_1)
FNDA:7,(anonymous_2)
FNDA:7,(anonymous_3)
FNDA:7,(anonymous_4)
FNDA:7,(anonymous_5)
FNDA:7,(anonymous_6)
FNDA:8,(anonymous_7)
FNDA:0,(anonymous_8)
DA:1,1
DA:2,1
DA:3,1
DA:4,1
DA:5,1
DA:6,1
DA:20,1
DA:21,1
DA:22,1
DA:23,1
DA:24,1
DA:26,1
DA:27,7
DA:28,7
DA:29,7
DA:30,7
DA:31,7
DA:33,7
DA:34,7
DA:36,7
DA:37,7
DA:40,7
DA:41,1
DA:48,6
DA:49,1
DA:58,5
DA:60,5
DA:64,5
DA:98,8
DA:123,0
DA:135,1
LF:31
LH:30
BRDA:31,0,0,7
BRDA:31,0,1,0
BRDA:37,1,0,7
BRDA:37,1,1,0
BRDA:40,2,0,1
BRDA:40,2,1,6
BRDA:48,3,0,1
BRDA:48,3,1,5
BRDA:57,4,0,0
BRDA:60,5,0,4
BRDA:60,5,1,1
BRDA:91,6,0,5
BRDA:91,6,1,4
BRDA:103,7,0,4
BRDA:103,7,1,4
BRDA:125,8,0,0
BRDA:125,8,1,0
BRF:17
BRH:12
end_of_record
TN:
SF:src\pages\MovieDetailPage\styles.ts
FN:3,(anonymous_0)
FN:10,(anonymous_1)
FN:38,(anonymous_2)
FN:42,(anonymous_3)
FN:48,(anonymous_4)
FN:77,(anonymous_5)
FNF:6
FNH:6
FNDA:6,(anonymous_0)
FNDA:5,(anonymous_1)
FNDA:9,(anonymous_2)
FNDA:4,(anonymous_3)
FNDA:8,(anonymous_4)
FNDA:5,(anonymous_5)
DA:3,6
DA:10,5
DA:20,1
DA:26,1
DA:32,1
DA:38,9
DA:42,4
DA:48,8
DA:58,1
DA:66,1
DA:71,1
DA:77,5
LF:12
LH:12
BRF:0
BRH:0
end_of_record
TN:
SF:src\routes\AppRoutes.tsx
FN:5,(anonymous_9)
FN:5,(anonymous_10)
FN:6,(anonymous_11)
FN:6,(anonymous_12)
FN:8,(anonymous_13)
FNF:5
FNH:0
FNDA:0,(anonymous_9)
FNDA:0,(anonymous_10)
FNDA:0,(anonymous_11)
FNDA:0,(anonymous_12)
FNDA:0,(anonymous_13)
DA:1,0
DA:2,0
DA:3,0
DA:5,0
DA:6,0
DA:8,0
DA:9,0
LF:7
LH:0
BRF:0
BRH:0
end_of_record
TN:
SF:src\store\movieStore.ts
FN:25,(anonymous_0)
FN:35,(anonymous_1)
FN:46,(anonymous_2)
FN:50,(anonymous_3)
FN:63,(anonymous_4)
FN:72,(anonymous_5)
FN:82,(anonymous_6)
FNF:7
FNH:0
FNDA:0,(anonymous_0)
FNDA:0,(anonymous_1)
FNDA:0,(anonymous_2)
FNDA:0,(anonymous_3)
FNDA:0,(anonymous_4)
FNDA:0,(anonymous_5)
FNDA:0,(anonymous_6)
DA:1,0
DA:2,0
DA:4,0
DA:25,0
DA:36,0
DA:37,0
DA:38,0
DA:39,0
DA:41,0
DA:42,0
DA:47,0
DA:48,0
DA:49,0
DA:50,0
DA:58,0
DA:59,0
DA:64,0
DA:65,0
DA:66,0
DA:67,0
DA:68,0
DA:70,0
DA:71,0
DA:72,0
DA:77,0
DA:78,0
DA:83,0
LF:27
LH:0
BRDA:46,0,0,0
BRDA:46,1,0,0
BRDA:54,2,0,0
BRDA:54,2,1,0
BRDA:66,3,0,0
BRDA:66,3,1,0
BRF:6
BRH:0
end_of_record
TN:
SF:src\store\themeStore.ts
FN:12,(anonymous_0)
FN:15,(anonymous_1)
FN:16,(anonymous_2)
FN:17,(anonymous_3)
FN:21,(anonymous_4)
FN:22,(anonymous_5)
FN:26,(anonymous_6)
FNF:7
FNH:0
FNDA:0,(anonymous_0)
FNDA:0,(anonymous_1)
FNDA:0,(anonymous_2)
FNDA:0,(anonymous_3)
FNDA:0,(anonymous_4)
FNDA:0,(anonymous_5)
FNDA:0,(anonymous_6)
DA:1,0
DA:12,0
DA:15,0
DA:17,0
DA:22,0
DA:26,0
LF:6
LH:0
BRDA:15,0,0,0
BRDA:15,0,1,0
BRDA:19,1,0,0
BRDA:19,1,1,0
BRDA:24,2,0,0
BRDA:24,2,1,0
BRF:6
BRH:0
end_of_record
TN:
SF:src\theme\theme.ts
FN:27,(anonymous_0)
FNF:1
FNH:0
FNDA:0,(anonymous_0)
DA:1,0
DA:3,0
DA:9,0
DA:18,0
DA:27,0
DA:28,0
DA:29,0
LF:7
LH:0
BRDA:28,0,0,0
BRDA:28,0,1,0
BRF:2
BRH:0
end_of_record
TN:
SF:src\utils\formatDate.ts
FN:1,formatDate
FNF:1
FNH:1
FNDA:16,formatDate
DA:1,2
DA:2,16
DA:3,5
DA:4,5
LF:4
LH:4
BRDA:2,0,0,11
BRDA:2,0,1,5
BRF:2
BRH:2
end_of_record
TN:
SF:src\utils\handleApiError.ts
FN:4,handleApiError
FNF:1
FNH:0
FNDA:0,handleApiError
DA:1,0
DA:2,0
DA:4,0
DA:5,0
DA:7,0
DA:8,0
DA:9,0
DA:10,0
DA:11,0
DA:14,0
DA:15,0
DA:17,0
DA:19,0
DA:20,0
DA:23,0
DA:30,0
LF:16
LH:0
BRDA:7,0,0,0
BRDA:7,0,1,0
BRDA:8,1,0,0
BRDA:8,1,1,0
BRDA:12,2,0,0
BRDA:12,2,1,0
BRDA:14,3,0,0
BRDA:14,3,1,0
BRDA:19,4,0,0
BRDA:19,4,1,0
BRF:10
BRH:0
end_of_record
